{"/home/yoshin/projects/Work/FabNum2022/formation/tdd-tp1/Theatrical-Players-Refactoring-Kata/javascript/src/statement.js": {"path":"/home/yoshin/projects/Work/FabNum2022/formation/tdd-tp1/Theatrical-Players-Refactoring-Kata/javascript/src/statement.js","statementMap":{"0":{"start":{"line":3,"column":22},"end":{"line":3,"column":23}},"1":{"start":{"line":4,"column":24},"end":{"line":4,"column":25}},"2":{"start":{"line":5,"column":17},"end":{"line":5,"column":54}},"3":{"start":{"line":6,"column":19},"end":{"line":8,"column":46}},"4":{"start":{"line":10,"column":4},"end":{"line":37,"column":5}},"5":{"start":{"line":11,"column":21},"end":{"line":11,"column":39}},"6":{"start":{"line":12,"column":25},"end":{"line":12,"column":26}},"7":{"start":{"line":13,"column":8},"end":{"line":29,"column":9}},"8":{"start":{"line":15,"column":16},"end":{"line":15,"column":35}},"9":{"start":{"line":16,"column":16},"end":{"line":18,"column":17}},"10":{"start":{"line":17,"column":20},"end":{"line":17,"column":62}},"11":{"start":{"line":19,"column":16},"end":{"line":19,"column":22}},"12":{"start":{"line":21,"column":16},"end":{"line":21,"column":35}},"13":{"start":{"line":22,"column":16},"end":{"line":24,"column":17}},"14":{"start":{"line":23,"column":20},"end":{"line":23,"column":69}},"15":{"start":{"line":25,"column":16},"end":{"line":25,"column":50}},"16":{"start":{"line":26,"column":16},"end":{"line":26,"column":22}},"17":{"start":{"line":28,"column":16},"end":{"line":28,"column":62}},"18":{"start":{"line":31,"column":8},"end":{"line":31,"column":57}},"19":{"start":{"line":33,"column":8},"end":{"line":33,"column":83}},"20":{"start":{"line":33,"column":36},"end":{"line":33,"column":83}},"21":{"start":{"line":35,"column":8},"end":{"line":35,"column":88}},"22":{"start":{"line":36,"column":8},"end":{"line":36,"column":34}},"23":{"start":{"line":38,"column":4},"end":{"line":38,"column":60}},"24":{"start":{"line":39,"column":4},"end":{"line":39,"column":54}},"25":{"start":{"line":40,"column":4},"end":{"line":40,"column":18}},"26":{"start":{"line":43,"column":0},"end":{"line":43,"column":27}}},"fnMap":{"0":{"name":"statement","decl":{"start":{"line":2,"column":9},"end":{"line":2,"column":18}},"loc":{"start":{"line":2,"column":36},"end":{"line":41,"column":1}},"line":2}},"branchMap":{"0":{"loc":{"start":{"line":13,"column":8},"end":{"line":29,"column":9}},"type":"switch","locations":[{"start":{"line":14,"column":12},"end":{"line":19,"column":22}},{"start":{"line":20,"column":12},"end":{"line":26,"column":22}},{"start":{"line":27,"column":12},"end":{"line":28,"column":62}}],"line":13},"1":{"loc":{"start":{"line":16,"column":16},"end":{"line":18,"column":17}},"type":"if","locations":[{"start":{"line":16,"column":16},"end":{"line":18,"column":17}},{"start":{},"end":{}}],"line":16},"2":{"loc":{"start":{"line":22,"column":16},"end":{"line":24,"column":17}},"type":"if","locations":[{"start":{"line":22,"column":16},"end":{"line":24,"column":17}},{"start":{},"end":{}}],"line":22},"3":{"loc":{"start":{"line":33,"column":8},"end":{"line":33,"column":83}},"type":"if","locations":[{"start":{"line":33,"column":8},"end":{"line":33,"column":83}},{"start":{},"end":{}}],"line":33}},"s":{"0":100,"1":100,"2":100,"3":100,"4":100,"5":100,"6":100,"7":100,"8":51,"9":51,"10":37,"11":51,"12":49,"13":49,"14":38,"15":49,"16":49,"17":0,"18":100,"19":100,"20":49,"21":100,"22":100,"23":100,"24":100,"25":100,"26":1},"f":{"0":100},"b":{"0":[51,49,0],"1":[37,14],"2":[38,11],"3":[49,51]},"_coverageSchema":"1a1c01bbd47fc00a2c39e90264f33305004495a9","hash":"f64fb04cb370e8ac2aabb56c6e4faddefe48831a"}
}
