TN:
SF:src/statement.js
FN:5,computeAmountTragedy
FN:13,computeAmountComedy
FN:22,computeVolumeCreditsTragedy
FN:26,computeVolumeCreditsComedy
FN:33,(anonymous_4)
FN:36,(anonymous_5)
FN:43,(anonymous_6)
FN:46,(anonymous_7)
FN:51,extracted
FN:53,(anonymous_9)
FN:64,statement
FNF:11
FNH:11
FNDA:2,computeAmountTragedy
FNDA:2,computeAmountComedy
FNDA:2,computeVolumeCreditsTragedy
FNDA:2,computeVolumeCreditsComedy
FNDA:2,(anonymous_4)
FNDA:2,(anonymous_5)
FNDA:2,(anonymous_6)
FNDA:2,(anonymous_7)
FNDA:5,extracted
FNDA:10,(anonymous_9)
FNDA:6,statement
DA:1,1
DA:6,2
DA:7,2
DA:8,1
DA:10,2
DA:14,2
DA:15,2
DA:16,1
DA:18,2
DA:19,2
DA:23,2
DA:28,2
DA:32,5
DA:34,2
DA:37,2
DA:42,5
DA:44,2
DA:47,2
DA:52,5
DA:53,10
DA:54,5
DA:55,4
DA:60,1
DA:65,6
DA:66,6
DA:67,6
DA:69,6
DA:70,5
DA:71,4
DA:72,4
DA:73,4
DA:76,5
DA:77,5
DA:78,5
DA:81,1
LF:35
LH:35
BRDA:7,0,0,1
BRDA:7,0,1,1
BRDA:15,1,0,1
BRDA:15,1,1,1
BRDA:54,2,0,4
BRDA:54,2,1,1
BRF:6
BRH:6
end_of_record
