<?xml version="1.0" encoding="UTF-8"?>
<coverage generated="1647270040007" clover="3.2.0">
  <project timestamp="1647270040007" name="All files">
    <metrics statements="35" coveredstatements="35" conditionals="6" coveredconditionals="6" methods="11" coveredmethods="11" elements="52" coveredelements="52" complexity="0" loc="35" ncloc="35" packages="1" files="1" classes="1"/>
    <file name="statement.js" path="/home/yoshin/projects/Work/FabNum2022/formation/tdd-tp1/javascript/src/statement.js">
      <metrics statements="35" coveredstatements="35" conditionals="6" coveredconditionals="6" methods="11" coveredmethods="11"/>
      <line num="1" count="1" type="stmt"/>
      <line num="6" count="2" type="stmt"/>
      <line num="7" count="2" type="cond" truecount="2" falsecount="0"/>
      <line num="8" count="1" type="stmt"/>
      <line num="10" count="2" type="stmt"/>
      <line num="14" count="2" type="stmt"/>
      <line num="15" count="2" type="cond" truecount="2" falsecount="0"/>
      <line num="16" count="1" type="stmt"/>
      <line num="18" count="2" type="stmt"/>
      <line num="19" count="2" type="stmt"/>
      <line num="23" count="2" type="stmt"/>
      <line num="28" count="2" type="stmt"/>
      <line num="32" count="5" type="stmt"/>
      <line num="34" count="2" type="stmt"/>
      <line num="37" count="2" type="stmt"/>
      <line num="42" count="5" type="stmt"/>
      <line num="44" count="2" type="stmt"/>
      <line num="47" count="2" type="stmt"/>
      <line num="52" count="5" type="stmt"/>
      <line num="53" count="10" type="stmt"/>
      <line num="54" count="5" type="cond" truecount="2" falsecount="0"/>
      <line num="55" count="4" type="stmt"/>
      <line num="60" count="1" type="stmt"/>
      <line num="65" count="6" type="stmt"/>
      <line num="66" count="6" type="stmt"/>
      <line num="67" count="6" type="stmt"/>
      <line num="69" count="6" type="stmt"/>
      <line num="70" count="5" type="stmt"/>
      <line num="71" count="4" type="stmt"/>
      <line num="72" count="4" type="stmt"/>
      <line num="73" count="4" type="stmt"/>
      <line num="76" count="5" type="stmt"/>
      <line num="77" count="5" type="stmt"/>
      <line num="78" count="5" type="stmt"/>
      <line num="81" count="1" type="stmt"/>
    </file>
  </project>
</coverage>
