{"/home/yoshin/projects/Work/FabNum2022/formation/tdd-tp1/javascript/src/statement.js": {"path":"/home/yoshin/projects/Work/FabNum2022/formation/tdd-tp1/javascript/src/statement.js","statementMap":{"0":{"start":{"line":1,"column":15},"end":{"line":3,"column":42}},"1":{"start":{"line":6,"column":21},"end":{"line":6,"column":26}},"2":{"start":{"line":7,"column":4},"end":{"line":9,"column":5}},"3":{"start":{"line":8,"column":8},"end":{"line":8,"column":45}},"4":{"start":{"line":10,"column":4},"end":{"line":10,"column":22}},"5":{"start":{"line":14,"column":21},"end":{"line":14,"column":26}},"6":{"start":{"line":15,"column":4},"end":{"line":17,"column":5}},"7":{"start":{"line":16,"column":8},"end":{"line":16,"column":52}},"8":{"start":{"line":18,"column":4},"end":{"line":18,"column":33}},"9":{"start":{"line":19,"column":4},"end":{"line":19,"column":22}},"10":{"start":{"line":23,"column":4},"end":{"line":23,"column":38}},"11":{"start":{"line":28,"column":4},"end":{"line":28,"column":65}},"12":{"start":{"line":32,"column":11},"end":{"line":32,"column":20}},"13":{"start":{"line":34,"column":8},"end":{"line":34,"column":46}},"14":{"start":{"line":37,"column":8},"end":{"line":37,"column":53}},"15":{"start":{"line":42,"column":11},"end":{"line":42,"column":19}},"16":{"start":{"line":44,"column":8},"end":{"line":44,"column":45}},"17":{"start":{"line":47,"column":8},"end":{"line":47,"column":52}},"18":{"start":{"line":52,"column":21},"end":{"line":52,"column":50}},"19":{"start":{"line":53,"column":12},"end":{"line":53,"column":54}},"20":{"start":{"line":53,"column":33},"end":{"line":53,"column":53}},"21":{"start":{"line":54,"column":4},"end":{"line":61,"column":5}},"22":{"start":{"line":55,"column":8},"end":{"line":58,"column":10}},"23":{"start":{"line":60,"column":8},"end":{"line":60,"column":54}},"24":{"start":{"line":65,"column":22},"end":{"line":65,"column":23}},"25":{"start":{"line":66,"column":24},"end":{"line":66,"column":25}},"26":{"start":{"line":67,"column":17},"end":{"line":67,"column":54}},"27":{"start":{"line":69,"column":4},"end":{"line":74,"column":5}},"28":{"start":{"line":70,"column":22},"end":{"line":70,"column":82}},"29":{"start":{"line":71,"column":8},"end":{"line":71,"column":44}},"30":{"start":{"line":72,"column":8},"end":{"line":72,"column":40}},"31":{"start":{"line":73,"column":8},"end":{"line":73,"column":110}},"32":{"start":{"line":76,"column":4},"end":{"line":76,"column":60}},"33":{"start":{"line":77,"column":4},"end":{"line":77,"column":54}},"34":{"start":{"line":78,"column":4},"end":{"line":78,"column":18}},"35":{"start":{"line":81,"column":0},"end":{"line":81,"column":27}}},"fnMap":{"0":{"name":"computeAmountTragedy","decl":{"start":{"line":5,"column":9},"end":{"line":5,"column":29}},"loc":{"start":{"line":5,"column":40},"end":{"line":11,"column":1}},"line":5},"1":{"name":"computeAmountComedy","decl":{"start":{"line":13,"column":9},"end":{"line":13,"column":28}},"loc":{"start":{"line":13,"column":39},"end":{"line":20,"column":1}},"line":13},"2":{"name":"computeVolumeCreditsTragedy","decl":{"start":{"line":22,"column":9},"end":{"line":22,"column":36}},"loc":{"start":{"line":22,"column":47},"end":{"line":24,"column":1}},"line":22},"3":{"name":"computeVolumeCreditsComedy","decl":{"start":{"line":26,"column":9},"end":{"line":26,"column":35}},"loc":{"start":{"line":26,"column":46},"end":{"line":29,"column":1}},"line":26},"4":{"name":"(anonymous_4)","decl":{"start":{"line":33,"column":4},"end":{"line":33,"column":5}},"loc":{"start":{"line":33,"column":28},"end":{"line":35,"column":5}},"line":33},"5":{"name":"(anonymous_5)","decl":{"start":{"line":36,"column":4},"end":{"line":36,"column":5}},"loc":{"start":{"line":36,"column":35},"end":{"line":38,"column":5}},"line":36},"6":{"name":"(anonymous_6)","decl":{"start":{"line":43,"column":4},"end":{"line":43,"column":5}},"loc":{"start":{"line":43,"column":28},"end":{"line":45,"column":5}},"line":43},"7":{"name":"(anonymous_7)","decl":{"start":{"line":46,"column":4},"end":{"line":46,"column":5}},"loc":{"start":{"line":46,"column":35},"end":{"line":48,"column":5}},"line":46},"8":{"name":"extracted","decl":{"start":{"line":51,"column":9},"end":{"line":51,"column":18}},"loc":{"start":{"line":51,"column":51},"end":{"line":62,"column":1}},"line":51},"9":{"name":"(anonymous_9)","decl":{"start":{"line":53,"column":28},"end":{"line":53,"column":29}},"loc":{"start":{"line":53,"column":33},"end":{"line":53,"column":53}},"line":53},"10":{"name":"statement","decl":{"start":{"line":64,"column":9},"end":{"line":64,"column":18}},"loc":{"start":{"line":64,"column":49},"end":{"line":79,"column":1}},"line":64}},"branchMap":{"0":{"loc":{"start":{"line":7,"column":4},"end":{"line":9,"column":5}},"type":"if","locations":[{"start":{"line":7,"column":4},"end":{"line":9,"column":5}},{"start":{},"end":{}}],"line":7},"1":{"loc":{"start":{"line":15,"column":4},"end":{"line":17,"column":5}},"type":"if","locations":[{"start":{"line":15,"column":4},"end":{"line":17,"column":5}},{"start":{},"end":{}}],"line":15},"2":{"loc":{"start":{"line":54,"column":4},"end":{"line":61,"column":5}},"type":"if","locations":[{"start":{"line":54,"column":4},"end":{"line":61,"column":5}},{"start":{"line":59,"column":11},"end":{"line":61,"column":5}}],"line":54}},"s":{"0":1,"1":2,"2":2,"3":1,"4":2,"5":2,"6":2,"7":1,"8":2,"9":2,"10":2,"11":2,"12":5,"13":2,"14":2,"15":5,"16":2,"17":2,"18":5,"19":5,"20":10,"21":5,"22":4,"23":1,"24":6,"25":6,"26":6,"27":6,"28":5,"29":4,"30":4,"31":4,"32":5,"33":5,"34":5,"35":1},"f":{"0":2,"1":2,"2":2,"3":2,"4":2,"5":2,"6":2,"7":2,"8":5,"9":10,"10":6},"b":{"0":[1,1],"1":[1,1],"2":[4,1]},"_coverageSchema":"1a1c01bbd47fc00a2c39e90264f33305004495a9","hash":"6dad46d8357a3462f32133e613728404e3397a18"}
}
