{"/home/yoshin/projects/Work/FabNum2022/formation/tdd-tp1/trivia/src/game.js":{"path":"/home/yoshin/projects/Work/FabNum2022/formation/tdd-tp1/trivia/src/game.js","s":{"1":1,"2":1,"3":1,"4":1,"5":1,"6":1,"7":1,"8":2227,"9":2227,"10":1,"11":2000,"12":2000,"13":2000,"14":10,"15":10,"16":10,"17":10,"18":10,"19":10,"20":500,"21":500,"22":500,"23":500,"24":284,"25":284,"26":568,"27":142,"28":426,"29":160,"30":266,"31":144,"32":122,"33":58,"34":58,"35":58,"36":58,"37":284,"38":284,"39":54,"40":10,"41":10,"42":58,"43":58,"44":2080,"45":312,"46":312,"47":53,"48":1,"49":10,"50":10,"51":10,"52":10,"53":10,"54":10,"55":259,"56":10,"57":10,"58":10,"59":10,"60":58,"61":58,"62":58,"63":58,"64":58,"65":58,"66":58,"67":10,"68":116,"69":10,"70":284,"71":10,"72":312,"73":312,"74":312,"75":63,"76":35,"77":35,"78":35,"79":35,"80":35,"81":35,"82":28,"83":28,"84":249,"85":249,"86":249,"87":249,"88":10,"89":286,"90":62,"91":35,"92":35,"93":35,"94":35,"95":35,"96":35,"97":35,"98":8,"99":35,"100":27,"101":27,"102":27,"103":10,"104":27,"105":224,"106":224,"107":224,"108":224,"109":224,"110":224,"111":224,"112":29,"113":224,"114":10,"115":26,"116":26,"117":26,"118":26,"119":26,"120":26,"121":6,"122":26},"b":{"1":[0,1],"2":[1,0],"3":[142,426],"4":[160,266],"5":[144,122],"6":[54,230],"7":[53,259],"8":[63,249],"9":[35,28],"10":[62,224],"11":[35,27],"12":[8,27],"13":[10,17],"14":[29,195],"15":[6,20]},"f":{"1":2227,"2":2000,"3":2000,"4":10,"5":10,"6":284,"7":284,"8":568,"9":58,"10":284,"11":10,"12":58,"13":2080,"14":312,"15":10,"16":259,"17":58,"18":116,"19":284,"20":312,"21":286,"22":26},"fnMap":{"1":{"name":"(anonymous_1)","line":9,"loc":{"start":{"line":9,"column":14},"end":{"line":9,"column":26}}},"2":{"name":"(anonymous_2)","line":16,"loc":{"start":{"line":16,"column":13},"end":{"line":16,"column":26}}},"3":{"name":"(anonymous_3)","line":20,"loc":{"start":{"line":20,"column":17},"end":{"line":20,"column":20}}},"4":{"name":"(anonymous_4)","line":26,"loc":{"start":{"line":26,"column":12},"end":{"line":26,"column":18}}},"5":{"name":"(anonymous_5)","line":34,"loc":{"start":{"line":34,"column":18},"end":{"line":34,"column":21}}},"6":{"name":"(anonymous_6)","line":43,"loc":{"start":{"line":43,"column":14},"end":{"line":43,"column":20}}},"7":{"name":"(anonymous_7)","line":47,"loc":{"start":{"line":47,"column":28},"end":{"line":47,"column":36}}},"8":{"name":"(anonymous_8)","line":51,"loc":{"start":{"line":51,"column":19},"end":{"line":51,"column":27}}},"9":{"name":"(anonymous_9)","line":65,"loc":{"start":{"line":65,"column":12},"end":{"line":65,"column":19}}},"10":{"name":"(anonymous_10)","line":72,"loc":{"start":{"line":72,"column":12},"end":{"line":72,"column":19}}},"11":{"name":"(anonymous_11)","line":82,"loc":{"start":{"line":82,"column":12},"end":{"line":82,"column":15}}},"12":{"name":"(anonymous_12)","line":87,"loc":{"start":{"line":87,"column":13},"end":{"line":87,"column":20}}},"13":{"name":"(anonymous_13)","line":92,"loc":{"start":{"line":92,"column":17},"end":{"line":92,"column":20}}},"14":{"name":"(anonymous_14)","line":96,"loc":{"start":{"line":96,"column":11},"end":{"line":96,"column":14}}},"15":{"name":"(anonymous_15)","line":105,"loc":{"start":{"line":105,"column":15},"end":{"line":105,"column":27}}},"16":{"name":"(anonymous_16)","line":113,"loc":{"start":{"line":113,"column":20},"end":{"line":113,"column":32}}},"17":{"name":"(anonymous_17)","line":122,"loc":{"start":{"line":122,"column":12},"end":{"line":122,"column":34}}},"18":{"name":"(anonymous_18)","line":137,"loc":{"start":{"line":137,"column":23},"end":{"line":137,"column":35}}},"19":{"name":"(anonymous_19)","line":141,"loc":{"start":{"line":141,"column":19},"end":{"line":141,"column":31}}},"20":{"name":"(anonymous_20)","line":145,"loc":{"start":{"line":145,"column":13},"end":{"line":145,"column":29}}},"21":{"name":"(anonymous_21)","line":173,"loc":{"start":{"line":173,"column":29},"end":{"line":173,"column":41}}},"22":{"name":"(anonymous_22)","line":216,"loc":{"start":{"line":216,"column":20},"end":{"line":216,"column":32}}}},"statementMap":{"1":{"start":{"line":1,"column":0},"end":{"line":1,"column":25}},"2":{"start":{"line":2,"column":0},"end":{"line":2,"column":35}},"3":{"start":{"line":3,"column":0},"end":{"line":3,"column":29}},"4":{"start":{"line":4,"column":0},"end":{"line":4,"column":77}},"5":{"start":{"line":6,"column":0},"end":{"line":6,"column":46}},"6":{"start":{"line":7,"column":0},"end":{"line":7,"column":31}},"7":{"start":{"line":9,"column":0},"end":{"line":12,"column":1}},"8":{"start":{"line":10,"column":1},"end":{"line":10,"column":58}},"9":{"start":{"line":11,"column":1},"end":{"line":11,"column":60}},"10":{"start":{"line":13,"column":0},"end":{"line":13,"column":28}},"11":{"start":{"line":17,"column":3},"end":{"line":17,"column":18}},"12":{"start":{"line":18,"column":3},"end":{"line":18,"column":22}},"13":{"start":{"line":21,"column":2},"end":{"line":21,"column":46}},"14":{"start":{"line":27,"column":2},"end":{"line":27,"column":32}},"15":{"start":{"line":28,"column":2},"end":{"line":28,"column":25}},"16":{"start":{"line":29,"column":2},"end":{"line":29,"column":29}},"17":{"start":{"line":30,"column":2},"end":{"line":30,"column":28}},"18":{"start":{"line":31,"column":2},"end":{"line":31,"column":26}},"19":{"start":{"line":35,"column":2},"end":{"line":40,"column":3}},"20":{"start":{"line":36,"column":3},"end":{"line":36,"column":69}},"21":{"start":{"line":37,"column":3},"end":{"line":37,"column":77}},"22":{"start":{"line":38,"column":3},"end":{"line":38,"column":75}},"23":{"start":{"line":39,"column":3},"end":{"line":39,"column":71}},"24":{"start":{"line":44,"column":2},"end":{"line":44,"column":55}},"25":{"start":{"line":48,"column":2},"end":{"line":48,"column":60}},"26":{"start":{"line":52,"column":2},"end":{"line":60,"column":3}},"27":{"start":{"line":53,"column":3},"end":{"line":53,"column":16}},"28":{"start":{"line":54,"column":9},"end":{"line":60,"column":3}},"29":{"start":{"line":55,"column":3},"end":{"line":55,"column":20}},"30":{"start":{"line":56,"column":9},"end":{"line":60,"column":3}},"31":{"start":{"line":57,"column":3},"end":{"line":57,"column":19}},"32":{"start":{"line":59,"column":3},"end":{"line":59,"column":17}},"33":{"start":{"line":66,"column":2},"end":{"line":66,"column":19}},"34":{"start":{"line":67,"column":2},"end":{"line":67,"column":17}},"35":{"start":{"line":68,"column":2},"end":{"line":68,"column":28}},"36":{"start":{"line":69,"column":2},"end":{"line":69,"column":17}},"37":{"start":{"line":73,"column":2},"end":{"line":73,"column":21}},"38":{"start":{"line":74,"column":2},"end":{"line":76,"column":3}},"39":{"start":{"line":75,"column":3},"end":{"line":75,"column":20}},"40":{"start":{"line":83,"column":2},"end":{"line":83,"column":23}},"41":{"start":{"line":84,"column":2},"end":{"line":84,"column":25}},"42":{"start":{"line":88,"column":2},"end":{"line":88,"column":27}},"43":{"start":{"line":89,"column":2},"end":{"line":89,"column":26}},"44":{"start":{"line":93,"column":2},"end":{"line":93,"column":45}},"45":{"start":{"line":97,"column":2},"end":{"line":97,"column":26}},"46":{"start":{"line":98,"column":2},"end":{"line":100,"column":3}},"47":{"start":{"line":99,"column":3},"end":{"line":99,"column":26}},"48":{"start":{"line":105,"column":0},"end":{"line":227,"column":2}},"49":{"start":{"line":106,"column":1},"end":{"line":106,"column":27}},"50":{"start":{"line":107,"column":1},"end":{"line":107,"column":27}},"51":{"start":{"line":108,"column":1},"end":{"line":108,"column":33}},"52":{"start":{"line":110,"column":1},"end":{"line":110,"column":23}},"53":{"start":{"line":111,"column":1},"end":{"line":111,"column":38}},"54":{"start":{"line":113,"column":1},"end":{"line":115,"column":3}},"55":{"start":{"line":114,"column":2},"end":{"line":114,"column":38}},"56":{"start":{"line":117,"column":1},"end":{"line":117,"column":34}},"57":{"start":{"line":118,"column":1},"end":{"line":118,"column":24}},"58":{"start":{"line":120,"column":1},"end":{"line":120,"column":30}},"59":{"start":{"line":122,"column":1},"end":{"line":135,"column":3}},"60":{"start":{"line":124,"column":2},"end":{"line":124,"column":30}},"61":{"start":{"line":126,"column":2},"end":{"line":126,"column":27}},"62":{"start":{"line":128,"column":2},"end":{"line":128,"column":40}},"63":{"start":{"line":129,"column":2},"end":{"line":129,"column":50}},"64":{"start":{"line":131,"column":2},"end":{"line":131,"column":41}},"65":{"start":{"line":132,"column":2},"end":{"line":132,"column":58}},"66":{"start":{"line":134,"column":2},"end":{"line":134,"column":14}},"67":{"start":{"line":137,"column":1},"end":{"line":139,"column":3}},"68":{"start":{"line":138,"column":2},"end":{"line":138,"column":24}},"69":{"start":{"line":141,"column":1},"end":{"line":143,"column":3}},"70":{"start":{"line":142,"column":2},"end":{"line":142,"column":75}},"71":{"start":{"line":145,"column":1},"end":{"line":171,"column":3}},"72":{"start":{"line":146,"column":2},"end":{"line":146,"column":69}},"73":{"start":{"line":147,"column":2},"end":{"line":147,"column":44}},"74":{"start":{"line":149,"column":2},"end":{"line":170,"column":3}},"75":{"start":{"line":150,"column":3},"end":{"line":162,"column":4}},"76":{"start":{"line":151,"column":4},"end":{"line":151,"column":36}},"77":{"start":{"line":153,"column":4},"end":{"line":153,"column":83}},"78":{"start":{"line":154,"column":4},"end":{"line":154,"column":44}},"79":{"start":{"line":156,"column":4},"end":{"line":156,"column":98}},"80":{"start":{"line":157,"column":4},"end":{"line":157,"column":89}},"81":{"start":{"line":158,"column":4},"end":{"line":158,"column":18}},"82":{"start":{"line":160,"column":4},"end":{"line":160,"column":87}},"83":{"start":{"line":161,"column":4},"end":{"line":161,"column":37}},"84":{"start":{"line":165,"column":3},"end":{"line":165,"column":43}},"85":{"start":{"line":167,"column":3},"end":{"line":167,"column":97}},"86":{"start":{"line":168,"column":3},"end":{"line":168,"column":88}},"87":{"start":{"line":169,"column":3},"end":{"line":169,"column":17}},"88":{"start":{"line":173,"column":1},"end":{"line":214,"column":3}},"89":{"start":{"line":174,"column":2},"end":{"line":213,"column":3}},"90":{"start":{"line":175,"column":3},"end":{"line":194,"column":4}},"91":{"start":{"line":176,"column":4},"end":{"line":176,"column":42}},"92":{"start":{"line":177,"column":4},"end":{"line":177,"column":31}},"93":{"start":{"line":178,"column":4},"end":{"line":179,"column":45}},"94":{"start":{"line":181,"column":4},"end":{"line":181,"column":32}},"95":{"start":{"line":182,"column":4},"end":{"line":182,"column":20}},"96":{"start":{"line":183,"column":4},"end":{"line":183,"column":23}},"97":{"start":{"line":184,"column":4},"end":{"line":185,"column":23}},"98":{"start":{"line":185,"column":5},"end":{"line":185,"column":23}},"99":{"start":{"line":187,"column":4},"end":{"line":187,"column":18}},"100":{"start":{"line":189,"column":4},"end":{"line":189,"column":20}},"101":{"start":{"line":190,"column":4},"end":{"line":190,"column":23}},"102":{"start":{"line":191,"column":4},"end":{"line":192,"column":23}},"103":{"start":{"line":192,"column":5},"end":{"line":192,"column":23}},"104":{"start":{"line":193,"column":4},"end":{"line":193,"column":16}},"105":{"start":{"line":199,"column":3},"end":{"line":199,"column":41}},"106":{"start":{"line":201,"column":3},"end":{"line":201,"column":30}},"107":{"start":{"line":202,"column":3},"end":{"line":203,"column":44}},"108":{"start":{"line":205,"column":3},"end":{"line":205,"column":31}},"109":{"start":{"line":207,"column":3},"end":{"line":207,"column":19}},"110":{"start":{"line":208,"column":3},"end":{"line":208,"column":22}},"111":{"start":{"line":209,"column":3},"end":{"line":210,"column":22}},"112":{"start":{"line":210,"column":4},"end":{"line":210,"column":22}},"113":{"start":{"line":212,"column":3},"end":{"line":212,"column":17}},"114":{"start":{"line":216,"column":1},"end":{"line":226,"column":3}},"115":{"start":{"line":217,"column":2},"end":{"line":217,"column":51}},"116":{"start":{"line":218,"column":2},"end":{"line":218,"column":75}},"117":{"start":{"line":219,"column":2},"end":{"line":219,"column":37}},"118":{"start":{"line":221,"column":2},"end":{"line":221,"column":18}},"119":{"start":{"line":222,"column":2},"end":{"line":222,"column":21}},"120":{"start":{"line":223,"column":2},"end":{"line":224,"column":21}},"121":{"start":{"line":224,"column":3},"end":{"line":224,"column":21}},"122":{"start":{"line":225,"column":2},"end":{"line":225,"column":14}}},"branchMap":{"1":{"line":4,"type":"cond-expr","locations":[{"start":{"line":4,"column":61},"end":{"line":4,"column":67}},{"start":{"line":4,"column":70},"end":{"line":4,"column":76}}]},"2":{"line":4,"type":"binary-expr","locations":[{"start":{"line":4,"column":10},"end":{"line":4,"column":39}},{"start":{"line":4,"column":43},"end":{"line":4,"column":58}}]},"3":{"line":52,"type":"if","locations":[{"start":{"line":52,"column":2},"end":{"line":52,"column":2}},{"start":{"line":52,"column":2},"end":{"line":52,"column":2}}]},"4":{"line":54,"type":"if","locations":[{"start":{"line":54,"column":9},"end":{"line":54,"column":9}},{"start":{"line":54,"column":9},"end":{"line":54,"column":9}}]},"5":{"line":56,"type":"if","locations":[{"start":{"line":56,"column":9},"end":{"line":56,"column":9}},{"start":{"line":56,"column":9},"end":{"line":56,"column":9}}]},"6":{"line":74,"type":"if","locations":[{"start":{"line":74,"column":2},"end":{"line":74,"column":2}},{"start":{"line":74,"column":2},"end":{"line":74,"column":2}}]},"7":{"line":98,"type":"if","locations":[{"start":{"line":98,"column":2},"end":{"line":98,"column":2}},{"start":{"line":98,"column":2},"end":{"line":98,"column":2}}]},"8":{"line":149,"type":"if","locations":[{"start":{"line":149,"column":2},"end":{"line":149,"column":2}},{"start":{"line":149,"column":2},"end":{"line":149,"column":2}}]},"9":{"line":150,"type":"if","locations":[{"start":{"line":150,"column":3},"end":{"line":150,"column":3}},{"start":{"line":150,"column":3},"end":{"line":150,"column":3}}]},"10":{"line":174,"type":"if","locations":[{"start":{"line":174,"column":2},"end":{"line":174,"column":2}},{"start":{"line":174,"column":2},"end":{"line":174,"column":2}}]},"11":{"line":175,"type":"if","locations":[{"start":{"line":175,"column":3},"end":{"line":175,"column":3}},{"start":{"line":175,"column":3},"end":{"line":175,"column":3}}]},"12":{"line":184,"type":"if","locations":[{"start":{"line":184,"column":4},"end":{"line":184,"column":4}},{"start":{"line":184,"column":4},"end":{"line":184,"column":4}}]},"13":{"line":191,"type":"if","locations":[{"start":{"line":191,"column":4},"end":{"line":191,"column":4}},{"start":{"line":191,"column":4},"end":{"line":191,"column":4}}]},"14":{"line":209,"type":"if","locations":[{"start":{"line":209,"column":3},"end":{"line":209,"column":3}},{"start":{"line":209,"column":3},"end":{"line":209,"column":3}}]},"15":{"line":223,"type":"if","locations":[{"start":{"line":223,"column":2},"end":{"line":223,"column":2}},{"start":{"line":223,"column":2},"end":{"line":223,"column":2}}]}}}}