{"/home/yoshin/projects/Work/FabNum2022/formation/tdd-tp1/trivia/src/game.js":{"path":"/home/yoshin/projects/Work/FabNum2022/formation/tdd-tp1/trivia/src/game.js","s":{"1":1,"2":1,"3":1,"4":1,"5":1,"6":1,"7":1,"8":1,"9":1,"10":1,"11":1,"12":1,"13":1,"14":41,"15":1,"16":220,"17":15,"18":205,"19":5,"20":200,"21":0,"22":200,"23":20,"24":180,"25":5,"26":175,"27":0,"28":175,"29":0,"30":175,"31":0,"32":175,"33":0,"34":175,"35":1,"36":50,"37":1,"38":50,"39":50,"40":50,"41":50,"42":1,"43":0,"44":1,"45":9,"46":9,"47":9,"48":9,"49":9,"50":9,"51":9,"52":1,"53":27,"54":1,"55":44,"56":4,"57":44,"58":5,"59":44,"60":0,"61":44,"62":35,"63":1,"64":47,"65":47,"66":47,"67":8,"68":5,"69":5,"70":5,"71":5,"72":0,"73":5,"74":5,"75":5,"76":3,"77":3,"78":39,"79":39,"80":15,"81":39,"82":39,"83":39,"84":1,"85":44,"86":8,"87":5,"88":5,"89":5,"90":5,"91":5,"92":5,"93":1,"94":5,"95":3,"96":3,"97":2,"98":3,"99":36,"100":36,"101":36,"102":36,"103":36,"104":36,"105":1,"106":36,"107":1,"108":3,"109":3,"110":3,"111":3,"112":3,"113":1,"114":3},"b":{"1":[0,1],"2":[1,0],"3":[15,205],"4":[5,200],"5":[0,200],"6":[20,180],"7":[5,175],"8":[0,175],"9":[0,175],"10":[0,175],"11":[0,175],"12":[4,40],"13":[5,39],"14":[0,44],"15":[35,9],"16":[8,39],"17":[5,3],"18":[0,5],"19":[15,24],"20":[8,36],"21":[5,3],"22":[1,4],"23":[2,1],"24":[1,35],"25":[1,2]},"f":{"1":1,"2":41,"3":220,"4":50,"5":0,"6":9,"7":27,"8":44,"9":47,"10":44,"11":3},"fnMap":{"1":{"name":"(anonymous_1)","line":3,"loc":{"start":{"line":3,"column":15},"end":{"line":3,"column":26}}},"2":{"name":"(anonymous_2)","line":17,"loc":{"start":{"line":17,"column":21},"end":{"line":17,"column":31}}},"3":{"name":"(anonymous_3)","line":21,"loc":{"start":{"line":21,"column":24},"end":{"line":21,"column":34}}},"4":{"name":"(anonymous_4)","line":43,"loc":{"start":{"line":43,"column":28},"end":{"line":43,"column":43}}},"5":{"name":"(anonymous_5)","line":54,"loc":{"start":{"line":54,"column":20},"end":{"line":54,"column":44}}},"6":{"name":"(anonymous_6)","line":58,"loc":{"start":{"line":58,"column":13},"end":{"line":58,"column":33}}},"7":{"name":"(anonymous_7)","line":70,"loc":{"start":{"line":70,"column":24},"end":{"line":70,"column":34}}},"8":{"name":"(anonymous_8)","line":75,"loc":{"start":{"line":75,"column":20},"end":{"line":75,"column":30}}},"9":{"name":"(anonymous_9)","line":86,"loc":{"start":{"line":86,"column":14},"end":{"line":86,"column":28}}},"10":{"name":"(anonymous_10)","line":120,"loc":{"start":{"line":120,"column":30},"end":{"line":120,"column":40}}},"11":{"name":"(anonymous_11)","line":161,"loc":{"start":{"line":161,"column":21},"end":{"line":161,"column":31}}}},"statementMap":{"1":{"start":{"line":1,"column":0},"end":{"line":1,"column":77}},"2":{"start":{"line":3,"column":0},"end":{"line":171,"column":2}},"3":{"start":{"line":4,"column":2},"end":{"line":4,"column":37}},"4":{"start":{"line":5,"column":2},"end":{"line":5,"column":38}},"5":{"start":{"line":6,"column":2},"end":{"line":6,"column":38}},"6":{"start":{"line":7,"column":2},"end":{"line":7,"column":38}},"7":{"start":{"line":9,"column":2},"end":{"line":9,"column":37}},"8":{"start":{"line":10,"column":2},"end":{"line":10,"column":37}},"9":{"start":{"line":11,"column":2},"end":{"line":11,"column":37}},"10":{"start":{"line":12,"column":2},"end":{"line":12,"column":37}},"11":{"start":{"line":14,"column":2},"end":{"line":14,"column":27}},"12":{"start":{"line":15,"column":2},"end":{"line":15,"column":39}},"13":{"start":{"line":17,"column":2},"end":{"line":19,"column":4}},"14":{"start":{"line":18,"column":4},"end":{"line":18,"column":40}},"15":{"start":{"line":21,"column":2},"end":{"line":41,"column":4}},"16":{"start":{"line":22,"column":4},"end":{"line":23,"column":19}},"17":{"start":{"line":23,"column":6},"end":{"line":23,"column":19}},"18":{"start":{"line":24,"column":4},"end":{"line":25,"column":19}},"19":{"start":{"line":25,"column":6},"end":{"line":25,"column":19}},"20":{"start":{"line":26,"column":4},"end":{"line":27,"column":19}},"21":{"start":{"line":27,"column":6},"end":{"line":27,"column":19}},"22":{"start":{"line":28,"column":4},"end":{"line":29,"column":23}},"23":{"start":{"line":29,"column":6},"end":{"line":29,"column":23}},"24":{"start":{"line":30,"column":4},"end":{"line":31,"column":23}},"25":{"start":{"line":31,"column":6},"end":{"line":31,"column":23}},"26":{"start":{"line":32,"column":4},"end":{"line":33,"column":23}},"27":{"start":{"line":33,"column":6},"end":{"line":33,"column":23}},"28":{"start":{"line":34,"column":4},"end":{"line":35,"column":22}},"29":{"start":{"line":35,"column":6},"end":{"line":35,"column":22}},"30":{"start":{"line":36,"column":4},"end":{"line":37,"column":22}},"31":{"start":{"line":37,"column":6},"end":{"line":37,"column":22}},"32":{"start":{"line":38,"column":4},"end":{"line":39,"column":22}},"33":{"start":{"line":39,"column":6},"end":{"line":39,"column":22}},"34":{"start":{"line":40,"column":4},"end":{"line":40,"column":18}},"35":{"start":{"line":43,"column":2},"end":{"line":45,"column":4}},"36":{"start":{"line":44,"column":4},"end":{"line":44,"column":34}},"37":{"start":{"line":47,"column":2},"end":{"line":52,"column":3}},"38":{"start":{"line":48,"column":4},"end":{"line":48,"column":41}},"39":{"start":{"line":49,"column":4},"end":{"line":49,"column":49}},"40":{"start":{"line":50,"column":4},"end":{"line":50,"column":47}},"41":{"start":{"line":51,"column":4},"end":{"line":51,"column":51}},"42":{"start":{"line":54,"column":2},"end":{"line":56,"column":4}},"43":{"start":{"line":55,"column":4},"end":{"line":55,"column":31}},"44":{"start":{"line":58,"column":2},"end":{"line":68,"column":4}},"45":{"start":{"line":59,"column":4},"end":{"line":59,"column":29}},"46":{"start":{"line":60,"column":4},"end":{"line":60,"column":42}},"47":{"start":{"line":61,"column":4},"end":{"line":61,"column":42}},"48":{"start":{"line":62,"column":4},"end":{"line":62,"column":52}},"49":{"start":{"line":64,"column":4},"end":{"line":64,"column":43}},"50":{"start":{"line":65,"column":4},"end":{"line":65,"column":60}},"51":{"start":{"line":67,"column":4},"end":{"line":67,"column":16}},"52":{"start":{"line":70,"column":2},"end":{"line":72,"column":4}},"53":{"start":{"line":71,"column":4},"end":{"line":71,"column":26}},"54":{"start":{"line":75,"column":2},"end":{"line":84,"column":4}},"55":{"start":{"line":76,"column":4},"end":{"line":77,"column":40}},"56":{"start":{"line":77,"column":6},"end":{"line":77,"column":40}},"57":{"start":{"line":78,"column":4},"end":{"line":79,"column":44}},"58":{"start":{"line":79,"column":6},"end":{"line":79,"column":44}},"59":{"start":{"line":80,"column":4},"end":{"line":81,"column":43}},"60":{"start":{"line":81,"column":6},"end":{"line":81,"column":43}},"61":{"start":{"line":82,"column":4},"end":{"line":83,"column":41}},"62":{"start":{"line":83,"column":6},"end":{"line":83,"column":41}},"63":{"start":{"line":86,"column":2},"end":{"line":118,"column":4}},"64":{"start":{"line":87,"column":4},"end":{"line":87,"column":67}},"65":{"start":{"line":88,"column":4},"end":{"line":88,"column":46}},"66":{"start":{"line":90,"column":4},"end":{"line":117,"column":5}},"67":{"start":{"line":91,"column":6},"end":{"line":106,"column":7}},"68":{"start":{"line":92,"column":8},"end":{"line":92,"column":40}},"69":{"start":{"line":94,"column":8},"end":{"line":94,"column":83}},"70":{"start":{"line":95,"column":8},"end":{"line":95,"column":61}},"71":{"start":{"line":96,"column":8},"end":{"line":98,"column":9}},"72":{"start":{"line":97,"column":10},"end":{"line":97,"column":61}},"73":{"start":{"line":100,"column":8},"end":{"line":100,"column":92}},"74":{"start":{"line":101,"column":8},"end":{"line":101,"column":60}},"75":{"start":{"line":102,"column":8},"end":{"line":102,"column":22}},"76":{"start":{"line":104,"column":8},"end":{"line":104,"column":87}},"77":{"start":{"line":105,"column":8},"end":{"line":105,"column":41}},"78":{"start":{"line":109,"column":6},"end":{"line":109,"column":59}},"79":{"start":{"line":110,"column":6},"end":{"line":112,"column":7}},"80":{"start":{"line":111,"column":8},"end":{"line":111,"column":59}},"81":{"start":{"line":114,"column":6},"end":{"line":114,"column":90}},"82":{"start":{"line":115,"column":6},"end":{"line":115,"column":58}},"83":{"start":{"line":116,"column":6},"end":{"line":116,"column":20}},"84":{"start":{"line":120,"column":2},"end":{"line":159,"column":4}},"85":{"start":{"line":121,"column":4},"end":{"line":158,"column":5}},"86":{"start":{"line":122,"column":6},"end":{"line":139,"column":7}},"87":{"start":{"line":123,"column":8},"end":{"line":123,"column":46}},"88":{"start":{"line":124,"column":8},"end":{"line":124,"column":35}},"89":{"start":{"line":125,"column":8},"end":{"line":126,"column":53}},"90":{"start":{"line":128,"column":8},"end":{"line":128,"column":36}},"91":{"start":{"line":129,"column":8},"end":{"line":129,"column":27}},"92":{"start":{"line":130,"column":8},"end":{"line":131,"column":28}},"93":{"start":{"line":131,"column":10},"end":{"line":131,"column":28}},"94":{"start":{"line":133,"column":8},"end":{"line":133,"column":22}},"95":{"start":{"line":135,"column":8},"end":{"line":135,"column":27}},"96":{"start":{"line":136,"column":8},"end":{"line":137,"column":28}},"97":{"start":{"line":137,"column":10},"end":{"line":137,"column":28}},"98":{"start":{"line":138,"column":8},"end":{"line":138,"column":20}},"99":{"start":{"line":145,"column":6},"end":{"line":145,"column":44}},"100":{"start":{"line":147,"column":6},"end":{"line":147,"column":33}},"101":{"start":{"line":148,"column":6},"end":{"line":149,"column":51}},"102":{"start":{"line":151,"column":6},"end":{"line":151,"column":34}},"103":{"start":{"line":153,"column":6},"end":{"line":153,"column":25}},"104":{"start":{"line":154,"column":6},"end":{"line":155,"column":26}},"105":{"start":{"line":155,"column":8},"end":{"line":155,"column":26}},"106":{"start":{"line":157,"column":6},"end":{"line":157,"column":20}},"107":{"start":{"line":161,"column":2},"end":{"line":170,"column":4}},"108":{"start":{"line":162,"column":4},"end":{"line":162,"column":53}},"109":{"start":{"line":163,"column":4},"end":{"line":163,"column":73}},"110":{"start":{"line":164,"column":4},"end":{"line":164,"column":39}},"111":{"start":{"line":166,"column":4},"end":{"line":166,"column":23}},"112":{"start":{"line":167,"column":4},"end":{"line":168,"column":24}},"113":{"start":{"line":168,"column":6},"end":{"line":168,"column":24}},"114":{"start":{"line":169,"column":4},"end":{"line":169,"column":16}}},"branchMap":{"1":{"line":1,"type":"cond-expr","locations":[{"start":{"line":1,"column":61},"end":{"line":1,"column":67}},{"start":{"line":1,"column":70},"end":{"line":1,"column":76}}]},"2":{"line":1,"type":"binary-expr","locations":[{"start":{"line":1,"column":10},"end":{"line":1,"column":39}},{"start":{"line":1,"column":43},"end":{"line":1,"column":58}}]},"3":{"line":22,"type":"if","locations":[{"start":{"line":22,"column":4},"end":{"line":22,"column":4}},{"start":{"line":22,"column":4},"end":{"line":22,"column":4}}]},"4":{"line":24,"type":"if","locations":[{"start":{"line":24,"column":4},"end":{"line":24,"column":4}},{"start":{"line":24,"column":4},"end":{"line":24,"column":4}}]},"5":{"line":26,"type":"if","locations":[{"start":{"line":26,"column":4},"end":{"line":26,"column":4}},{"start":{"line":26,"column":4},"end":{"line":26,"column":4}}]},"6":{"line":28,"type":"if","locations":[{"start":{"line":28,"column":4},"end":{"line":28,"column":4}},{"start":{"line":28,"column":4},"end":{"line":28,"column":4}}]},"7":{"line":30,"type":"if","locations":[{"start":{"line":30,"column":4},"end":{"line":30,"column":4}},{"start":{"line":30,"column":4},"end":{"line":30,"column":4}}]},"8":{"line":32,"type":"if","locations":[{"start":{"line":32,"column":4},"end":{"line":32,"column":4}},{"start":{"line":32,"column":4},"end":{"line":32,"column":4}}]},"9":{"line":34,"type":"if","locations":[{"start":{"line":34,"column":4},"end":{"line":34,"column":4}},{"start":{"line":34,"column":4},"end":{"line":34,"column":4}}]},"10":{"line":36,"type":"if","locations":[{"start":{"line":36,"column":4},"end":{"line":36,"column":4}},{"start":{"line":36,"column":4},"end":{"line":36,"column":4}}]},"11":{"line":38,"type":"if","locations":[{"start":{"line":38,"column":4},"end":{"line":38,"column":4}},{"start":{"line":38,"column":4},"end":{"line":38,"column":4}}]},"12":{"line":76,"type":"if","locations":[{"start":{"line":76,"column":4},"end":{"line":76,"column":4}},{"start":{"line":76,"column":4},"end":{"line":76,"column":4}}]},"13":{"line":78,"type":"if","locations":[{"start":{"line":78,"column":4},"end":{"line":78,"column":4}},{"start":{"line":78,"column":4},"end":{"line":78,"column":4}}]},"14":{"line":80,"type":"if","locations":[{"start":{"line":80,"column":4},"end":{"line":80,"column":4}},{"start":{"line":80,"column":4},"end":{"line":80,"column":4}}]},"15":{"line":82,"type":"if","locations":[{"start":{"line":82,"column":4},"end":{"line":82,"column":4}},{"start":{"line":82,"column":4},"end":{"line":82,"column":4}}]},"16":{"line":90,"type":"if","locations":[{"start":{"line":90,"column":4},"end":{"line":90,"column":4}},{"start":{"line":90,"column":4},"end":{"line":90,"column":4}}]},"17":{"line":91,"type":"if","locations":[{"start":{"line":91,"column":6},"end":{"line":91,"column":6}},{"start":{"line":91,"column":6},"end":{"line":91,"column":6}}]},"18":{"line":96,"type":"if","locations":[{"start":{"line":96,"column":8},"end":{"line":96,"column":8}},{"start":{"line":96,"column":8},"end":{"line":96,"column":8}}]},"19":{"line":110,"type":"if","locations":[{"start":{"line":110,"column":6},"end":{"line":110,"column":6}},{"start":{"line":110,"column":6},"end":{"line":110,"column":6}}]},"20":{"line":121,"type":"if","locations":[{"start":{"line":121,"column":4},"end":{"line":121,"column":4}},{"start":{"line":121,"column":4},"end":{"line":121,"column":4}}]},"21":{"line":122,"type":"if","locations":[{"start":{"line":122,"column":6},"end":{"line":122,"column":6}},{"start":{"line":122,"column":6},"end":{"line":122,"column":6}}]},"22":{"line":130,"type":"if","locations":[{"start":{"line":130,"column":8},"end":{"line":130,"column":8}},{"start":{"line":130,"column":8},"end":{"line":130,"column":8}}]},"23":{"line":136,"type":"if","locations":[{"start":{"line":136,"column":8},"end":{"line":136,"column":8}},{"start":{"line":136,"column":8},"end":{"line":136,"column":8}}]},"24":{"line":154,"type":"if","locations":[{"start":{"line":154,"column":6},"end":{"line":154,"column":6}},{"start":{"line":154,"column":6},"end":{"line":154,"column":6}}]},"25":{"line":167,"type":"if","locations":[{"start":{"line":167,"column":4},"end":{"line":167,"column":4}},{"start":{"line":167,"column":4},"end":{"line":167,"column":4}}]}}}}