TN:
SF:/home/yoshin/projects/Work/FabNum2022/formation/tdd-tp1/trivia/src/game.js
FN:9,(anonymous_1)
FN:16,(anonymous_2)
FN:20,(anonymous_3)
FN:26,(anonymous_4)
FN:34,(anonymous_5)
FN:43,(anonymous_6)
FN:47,(anonymous_7)
FN:51,(anonymous_8)
FN:65,(anonymous_9)
FN:72,(anonymous_10)
FN:82,(anonymous_11)
FN:87,(anonymous_12)
FN:92,(anonymous_13)
FN:96,(anonymous_14)
FN:105,(anonymous_15)
FN:113,(anonymous_16)
FN:122,(anonymous_17)
FN:137,(anonymous_18)
FN:141,(anonymous_19)
FN:145,(anonymous_20)
FN:173,(anonymous_21)
FN:216,(anonymous_22)
FNF:22
FNH:22
FNDA:2227,(anonymous_1)
FNDA:2000,(anonymous_2)
FNDA:2000,(anonymous_3)
FNDA:10,(anonymous_4)
FNDA:10,(anonymous_5)
FNDA:284,(anonymous_6)
FNDA:284,(anonymous_7)
FNDA:568,(anonymous_8)
FNDA:58,(anonymous_9)
FNDA:284,(anonymous_10)
FNDA:10,(anonymous_11)
FNDA:58,(anonymous_12)
FNDA:2080,(anonymous_13)
FNDA:312,(anonymous_14)
FNDA:10,(anonymous_15)
FNDA:259,(anonymous_16)
FNDA:58,(anonymous_17)
FNDA:116,(anonymous_18)
FNDA:284,(anonymous_19)
FNDA:312,(anonymous_20)
FNDA:286,(anonymous_21)
FNDA:26,(anonymous_22)
DA:1,1
DA:2,1
DA:3,1
DA:4,1
DA:6,1
DA:7,1
DA:9,1
DA:10,2227
DA:11,2227
DA:13,1
DA:17,2000
DA:18,2000
DA:21,2000
DA:27,10
DA:28,10
DA:29,10
DA:30,10
DA:31,10
DA:35,10
DA:36,500
DA:37,500
DA:38,500
DA:39,500
DA:44,284
DA:48,284
DA:52,568
DA:53,142
DA:54,426
DA:55,160
DA:56,266
DA:57,144
DA:59,122
DA:66,58
DA:67,58
DA:68,58
DA:69,58
DA:73,284
DA:74,284
DA:75,54
DA:83,10
DA:84,10
DA:88,58
DA:89,58
DA:93,2080
DA:97,312
DA:98,312
DA:99,53
DA:105,1
DA:106,10
DA:107,10
DA:108,10
DA:110,10
DA:111,10
DA:113,10
DA:114,259
DA:117,10
DA:118,10
DA:120,10
DA:122,10
DA:124,58
DA:126,58
DA:128,58
DA:129,58
DA:131,58
DA:132,58
DA:134,58
DA:137,10
DA:138,116
DA:141,10
DA:142,284
DA:145,10
DA:146,312
DA:147,312
DA:149,312
DA:150,63
DA:151,35
DA:153,35
DA:154,35
DA:156,35
DA:157,35
DA:158,35
DA:160,28
DA:161,28
DA:165,249
DA:167,249
DA:168,249
DA:169,249
DA:173,10
DA:174,286
DA:175,62
DA:176,35
DA:177,35
DA:178,35
DA:181,35
DA:182,35
DA:183,35
DA:184,35
DA:185,8
DA:187,35
DA:189,27
DA:190,27
DA:191,27
DA:192,10
DA:193,27
DA:199,224
DA:201,224
DA:202,224
DA:205,224
DA:207,224
DA:208,224
DA:209,224
DA:210,29
DA:212,224
DA:216,10
DA:217,26
DA:218,26
DA:219,26
DA:221,26
DA:222,26
DA:223,26
DA:224,6
DA:225,26
LF:122
LH:122
BRDA:4,1,0,0
BRDA:4,1,1,1
BRDA:4,2,0,1
BRDA:4,2,1,0
BRDA:52,3,0,142
BRDA:52,3,1,426
BRDA:54,4,0,160
BRDA:54,4,1,266
BRDA:56,5,0,144
BRDA:56,5,1,122
BRDA:74,6,0,54
BRDA:74,6,1,230
BRDA:98,7,0,53
BRDA:98,7,1,259
BRDA:149,8,0,63
BRDA:149,8,1,249
BRDA:150,9,0,35
BRDA:150,9,1,28
BRDA:174,10,0,62
BRDA:174,10,1,224
BRDA:175,11,0,35
BRDA:175,11,1,27
BRDA:184,12,0,8
BRDA:184,12,1,27
BRDA:191,13,0,10
BRDA:191,13,1,17
BRDA:209,14,0,29
BRDA:209,14,1,195
BRDA:223,15,0,6
BRDA:223,15,1,20
BRF:30
BRH:28
end_of_record
