TN:
SF:/home/yoshin/projects/Work/FabNum2022/formation/tdd-tp1/trivia/src/game.js
FN:3,(anonymous_1)
FN:17,(anonymous_2)
FN:21,(anonymous_3)
FN:43,(anonymous_4)
FN:54,(anonymous_5)
FN:58,(anonymous_6)
FN:70,(anonymous_7)
FN:75,(anonymous_8)
FN:86,(anonymous_9)
FN:120,(anonymous_10)
FN:161,(anonymous_11)
FNF:11
FNH:10
FNDA:1,(anonymous_1)
FNDA:41,(anonymous_2)
FNDA:220,(anonymous_3)
FNDA:50,(anonymous_4)
FNDA:0,(anonymous_5)
FNDA:9,(anonymous_6)
FNDA:27,(anonymous_7)
FNDA:44,(anonymous_8)
FNDA:47,(anonymous_9)
FNDA:44,(anonymous_10)
FNDA:3,(anonymous_11)
DA:1,1
DA:3,1
DA:4,1
DA:5,1
DA:6,1
DA:7,1
DA:9,1
DA:10,1
DA:11,1
DA:12,1
DA:14,1
DA:15,1
DA:17,1
DA:18,41
DA:21,1
DA:22,220
DA:23,15
DA:24,205
DA:25,5
DA:26,200
DA:27,0
DA:28,200
DA:29,20
DA:30,180
DA:31,5
DA:32,175
DA:33,0
DA:34,175
DA:35,0
DA:36,175
DA:37,0
DA:38,175
DA:39,0
DA:40,175
DA:43,1
DA:44,50
DA:47,1
DA:48,50
DA:49,50
DA:50,50
DA:51,50
DA:54,1
DA:55,0
DA:58,1
DA:59,9
DA:60,9
DA:61,9
DA:62,9
DA:64,9
DA:65,9
DA:67,9
DA:70,1
DA:71,27
DA:75,1
DA:76,44
DA:77,4
DA:78,44
DA:79,5
DA:80,44
DA:81,0
DA:82,44
DA:83,35
DA:86,1
DA:87,47
DA:88,47
DA:90,47
DA:91,8
DA:92,5
DA:94,5
DA:95,5
DA:96,5
DA:97,0
DA:100,5
DA:101,5
DA:102,5
DA:104,3
DA:105,3
DA:109,39
DA:110,39
DA:111,15
DA:114,39
DA:115,39
DA:116,39
DA:120,1
DA:121,44
DA:122,8
DA:123,5
DA:124,5
DA:125,5
DA:128,5
DA:129,5
DA:130,5
DA:131,1
DA:133,5
DA:135,3
DA:136,3
DA:137,2
DA:138,3
DA:145,36
DA:147,36
DA:148,36
DA:151,36
DA:153,36
DA:154,36
DA:155,1
DA:157,36
DA:161,1
DA:162,3
DA:163,3
DA:164,3
DA:166,3
DA:167,3
DA:168,1
DA:169,3
LF:114
LH:106
BRDA:1,1,0,0
BRDA:1,1,1,1
BRDA:1,2,0,1
BRDA:1,2,1,0
BRDA:22,3,0,15
BRDA:22,3,1,205
BRDA:24,4,0,5
BRDA:24,4,1,200
BRDA:26,5,0,0
BRDA:26,5,1,200
BRDA:28,6,0,20
BRDA:28,6,1,180
BRDA:30,7,0,5
BRDA:30,7,1,175
BRDA:32,8,0,0
BRDA:32,8,1,175
BRDA:34,9,0,0
BRDA:34,9,1,175
BRDA:36,10,0,0
BRDA:36,10,1,175
BRDA:38,11,0,0
BRDA:38,11,1,175
BRDA:76,12,0,4
BRDA:76,12,1,40
BRDA:78,13,0,5
BRDA:78,13,1,39
BRDA:80,14,0,0
BRDA:80,14,1,44
BRDA:82,15,0,35
BRDA:82,15,1,9
BRDA:90,16,0,8
BRDA:90,16,1,39
BRDA:91,17,0,5
BRDA:91,17,1,3
BRDA:96,18,0,0
BRDA:96,18,1,5
BRDA:110,19,0,15
BRDA:110,19,1,24
BRDA:121,20,0,8
BRDA:121,20,1,36
BRDA:122,21,0,5
BRDA:122,21,1,3
BRDA:130,22,0,1
BRDA:130,22,1,4
BRDA:136,23,0,2
BRDA:136,23,1,1
BRDA:154,24,0,1
BRDA:154,24,1,35
BRDA:167,25,0,1
BRDA:167,25,1,2
BRF:50
BRH:41
end_of_record
